<?xml version="1.0" encoding="UTF-8"?>
<!-- Generated by org.testng.reporters.JUnitXMLReporter -->
<testsuite ignored="0" hostname="LAPTOP-RH83BP8S" failures="0" tests="18" name="Test" time="105.895" errors="0" timestamp="2023-11-29T16:25:14 GMT-05:00">
  <testcase classname="com.tutorialsninja_testcases.LoginTest" name="verifyLoginWithValidCredentials" time="0.957"/>
  <testcase classname="com.tutorialsninja_testcases.LoginTest" name="verifyLoginWithValidCredentials" time="0.87"/>
  <testcase classname="com.tutorialsninja_testcases.LoginTest" name="verifyLoginWithValidCredentials" time="0.963"/>
  <testcase classname="com.tutorialsninja_testcases.LoginTest" name="verifyLoginWithValidCredentials" time="0.972"/>
  <testcase classname="com.tutorialsninja_testcases.LoginTest" name="verifyLoginWithValidCredentials" time="1.064"/>
  <testcase classname="com.tutorialsninja_testcases.LoginTest" name="verifyLoginWithValidCredentials" time="0.915"/>
  <testcase classname="com.tutorialsninja_testcases.LoginTest" name="verifyLoginWithValidCredentials" time="0.968"/>
  <testcase classname="com.tutorialsninja_testcases.LoginTest" name="verifyLoginWithValidEmailAndInvalidPassword" time="0.753"/>
  <testcase classname="com.tutorialsninja_testcases.LoginTest" name="verifyLoginWithInvalidEmailAndvalidPassword" time="0.617"/>
  <testcase classname="com.tutorialsninja_testcases.LoginTest" name="verifyLoginWithInvalidCredentials" time="0.609"/>
  <testcase classname="com.tutorialsninja_testcases.LoginTest" name="verifyLoginWithNoCredentials" time="0.54"/>
  <testcase classname="com.tutorialsninja_testcases.RegisterTest" name="registerAccountWithMandatoryDetails" time="1.063"/>
  <testcase classname="com.tutorialsninja_testcases.RegisterTest" name="registerAccountWithAllDetails" time="1.167"/>
  <testcase classname="com.tutorialsninja_testcases.RegisterTest" name="registerAccountWithNoDetails" time="0.539"/>
  <testcase classname="com.tutorialsninja_testcases.RegisterTest" name="registerAccountExistingEmail" time="0.752"/>
  <testcase classname="com.tutorialsninja_testcases.SearchProductTest" name="verifySearchWithValidProduct" time="0.51"/>
  <testcase classname="com.tutorialsninja_testcases.SearchProductTest" name="verifySearchNoProduct" time="0.521"/>
  <testcase classname="com.tutorialsninja_testcases.SearchProductTest" name="verifySearchWithInvalidProduct" time="0.527"/>
</testsuite> <!-- Test -->
