<?xml version="1.0" encoding="UTF-8"?>
<testng-results ignored="0" total="18" passed="18" failed="0" skipped="0">
  <reporter-output>
  </reporter-output>
  <suite started-at="2023-11-29T16:23:28 GMT-05:00" name="Suite" finished-at="2023-11-29T16:25:14 GMT-05:00" duration-ms="105895">
    <groups>
    </groups>
    <test started-at="2023-11-29T16:23:28 GMT-05:00" name="Test" finished-at="2023-11-29T16:25:14 GMT-05:00" duration-ms="105895">
      <class name="com.tutorialsninja_testcases.RegisterTest">
        <test-method is-config="true" signature="RegisterSetup()[pri:0, instance:com.tutorialsninja_testcases.RegisterTest@7d0b7e3c]" started-at="2023-11-29T16:24:34 GMT-05:00" name="RegisterSetup" finished-at="2023-11-29T16:24:39 GMT-05:00" duration-ms="4650" status="PASS">
          <reporter-output>
          </reporter-output>
        </test-method> <!-- RegisterSetup -->
        <test-method signature="registerAccountWithMandatoryDetails()[pri:1, instance:com.tutorialsninja_testcases.RegisterTest@7d0b7e3c]" started-at="2023-11-29T16:24:39 GMT-05:00" name="registerAccountWithMandatoryDetails" finished-at="2023-11-29T16:24:40 GMT-05:00" duration-ms="1063" status="PASS">
          <reporter-output>
          </reporter-output>
        </test-method> <!-- registerAccountWithMandatoryDetails -->
        <test-method is-config="true" signature="tearDown()[pri:0, instance:com.tutorialsninja_testcases.RegisterTest@7d0b7e3c]" started-at="2023-11-29T16:24:40 GMT-05:00" name="tearDown" finished-at="2023-11-29T16:24:40 GMT-05:00" duration-ms="126" status="PASS">
          <reporter-output>
          </reporter-output>
        </test-method> <!-- tearDown -->
        <test-method is-config="true" signature="RegisterSetup()[pri:0, instance:com.tutorialsninja_testcases.RegisterTest@7d0b7e3c]" started-at="2023-11-29T16:24:40 GMT-05:00" name="RegisterSetup" finished-at="2023-11-29T16:24:45 GMT-05:00" duration-ms="5392" status="PASS">
          <reporter-output>
          </reporter-output>
        </test-method> <!-- RegisterSetup -->
        <test-method signature="registerAccountWithAllDetails()[pri:2, instance:com.tutorialsninja_testcases.RegisterTest@7d0b7e3c]" started-at="2023-11-29T16:24:45 GMT-05:00" name="registerAccountWithAllDetails" finished-at="2023-11-29T16:24:47 GMT-05:00" duration-ms="1167" status="PASS">
          <reporter-output>
          </reporter-output>
        </test-method> <!-- registerAccountWithAllDetails -->
        <test-method is-config="true" signature="tearDown()[pri:0, instance:com.tutorialsninja_testcases.RegisterTest@7d0b7e3c]" started-at="2023-11-29T16:24:47 GMT-05:00" name="tearDown" finished-at="2023-11-29T16:24:47 GMT-05:00" duration-ms="146" status="PASS">
          <reporter-output>
          </reporter-output>
        </test-method> <!-- tearDown -->
        <test-method is-config="true" signature="RegisterSetup()[pri:0, instance:com.tutorialsninja_testcases.RegisterTest@7d0b7e3c]" started-at="2023-11-29T16:24:47 GMT-05:00" name="RegisterSetup" finished-at="2023-11-29T16:24:52 GMT-05:00" duration-ms="5681" status="PASS">
          <reporter-output>
          </reporter-output>
        </test-method> <!-- RegisterSetup -->
        <test-method signature="registerAccountWithNoDetails()[pri:3, instance:com.tutorialsninja_testcases.RegisterTest@7d0b7e3c]" started-at="2023-11-29T16:24:52 GMT-05:00" name="registerAccountWithNoDetails" finished-at="2023-11-29T16:24:53 GMT-05:00" duration-ms="539" status="PASS">
          <reporter-output>
          </reporter-output>
        </test-method> <!-- registerAccountWithNoDetails -->
        <test-method is-config="true" signature="tearDown()[pri:0, instance:com.tutorialsninja_testcases.RegisterTest@7d0b7e3c]" started-at="2023-11-29T16:24:53 GMT-05:00" name="tearDown" finished-at="2023-11-29T16:24:53 GMT-05:00" duration-ms="153" status="PASS">
          <reporter-output>
          </reporter-output>
        </test-method> <!-- tearDown -->
        <test-method is-config="true" signature="RegisterSetup()[pri:0, instance:com.tutorialsninja_testcases.RegisterTest@7d0b7e3c]" started-at="2023-11-29T16:24:53 GMT-05:00" name="RegisterSetup" finished-at="2023-11-29T16:24:58 GMT-05:00" duration-ms="5259" status="PASS">
          <reporter-output>
          </reporter-output>
        </test-method> <!-- RegisterSetup -->
        <test-method signature="registerAccountExistingEmail()[pri:4, instance:com.tutorialsninja_testcases.RegisterTest@7d0b7e3c]" started-at="2023-11-29T16:24:58 GMT-05:00" name="registerAccountExistingEmail" finished-at="2023-11-29T16:24:59 GMT-05:00" duration-ms="752" status="PASS">
          <reporter-output>
          </reporter-output>
        </test-method> <!-- registerAccountExistingEmail -->
        <test-method is-config="true" signature="tearDown()[pri:0, instance:com.tutorialsninja_testcases.RegisterTest@7d0b7e3c]" started-at="2023-11-29T16:24:59 GMT-05:00" name="tearDown" finished-at="2023-11-29T16:24:59 GMT-05:00" duration-ms="127" status="PASS">
          <reporter-output>
          </reporter-output>
        </test-method> <!-- tearDown -->
      </class> <!-- com.tutorialsninja_testcases.RegisterTest -->
      <class name="com.tutorialsninja_testcases.LoginTest">
        <test-method is-config="true" signature="loginSetup()[pri:0, instance:com.tutorialsninja_testcases.LoginTest@7b36aa0c]" started-at="2023-11-29T16:23:29 GMT-05:00" name="loginSetup" finished-at="2023-11-29T16:23:34 GMT-05:00" duration-ms="5677" status="PASS">
          <reporter-output>
          </reporter-output>
        </test-method> <!-- loginSetup -->
        <test-method signature="verifyLoginWithValidCredentials(java.lang.String,java.lang.String)[pri:1, instance:com.tutorialsninja_testcases.LoginTest@7b36aa0c]" started-at="2023-11-29T16:23:34 GMT-05:00" name="verifyLoginWithValidCredentials" data-provider="TNDATA" finished-at="2023-11-29T16:23:35 GMT-05:00" duration-ms="957" status="PASS">
          <params>
            <param index="0">
              <value>
                <![CDATA[seleniumpanda@gmail.com]]>
              </value>
            </param>
            <param index="1">
              <value>
                <![CDATA[Selenium@123]]>
              </value>
            </param>
          </params>
          <reporter-output>
          </reporter-output>
        </test-method> <!-- verifyLoginWithValidCredentials -->
        <test-method is-config="true" signature="tearDown()[pri:0, instance:com.tutorialsninja_testcases.LoginTest@7b36aa0c]" started-at="2023-11-29T16:23:35 GMT-05:00" name="tearDown" finished-at="2023-11-29T16:23:35 GMT-05:00" duration-ms="152" status="PASS">
          <reporter-output>
          </reporter-output>
        </test-method> <!-- tearDown -->
        <test-method is-config="true" signature="loginSetup()[pri:0, instance:com.tutorialsninja_testcases.LoginTest@7b36aa0c]" started-at="2023-11-29T16:23:35 GMT-05:00" name="loginSetup" finished-at="2023-11-29T16:23:40 GMT-05:00" duration-ms="4511" status="PASS">
          <reporter-output>
          </reporter-output>
        </test-method> <!-- loginSetup -->
        <test-method signature="verifyLoginWithValidCredentials(java.lang.String,java.lang.String)[pri:1, instance:com.tutorialsninja_testcases.LoginTest@7b36aa0c]" started-at="2023-11-29T16:23:40 GMT-05:00" name="verifyLoginWithValidCredentials" data-provider="TNDATA" finished-at="2023-11-29T16:23:41 GMT-05:00" duration-ms="870" status="PASS">
          <params>
            <param index="0">
              <value>
                <![CDATA[seleniumpanda1@gmail.com]]>
              </value>
            </param>
            <param index="1">
              <value>
                <![CDATA[Selenium@123]]>
              </value>
            </param>
          </params>
          <reporter-output>
          </reporter-output>
        </test-method> <!-- verifyLoginWithValidCredentials -->
        <test-method is-config="true" signature="tearDown()[pri:0, instance:com.tutorialsninja_testcases.LoginTest@7b36aa0c]" started-at="2023-11-29T16:23:41 GMT-05:00" name="tearDown" finished-at="2023-11-29T16:23:41 GMT-05:00" duration-ms="118" status="PASS">
          <reporter-output>
          </reporter-output>
        </test-method> <!-- tearDown -->
        <test-method is-config="true" signature="loginSetup()[pri:0, instance:com.tutorialsninja_testcases.LoginTest@7b36aa0c]" started-at="2023-11-29T16:23:41 GMT-05:00" name="loginSetup" finished-at="2023-11-29T16:23:46 GMT-05:00" duration-ms="4871" status="PASS">
          <reporter-output>
          </reporter-output>
        </test-method> <!-- loginSetup -->
        <test-method signature="verifyLoginWithValidCredentials(java.lang.String,java.lang.String)[pri:1, instance:com.tutorialsninja_testcases.LoginTest@7b36aa0c]" started-at="2023-11-29T16:23:46 GMT-05:00" name="verifyLoginWithValidCredentials" data-provider="TNDATA" finished-at="2023-11-29T16:23:47 GMT-05:00" duration-ms="963" status="PASS">
          <params>
            <param index="0">
              <value>
                <![CDATA[seleniumpanda2@gmail.com]]>
              </value>
            </param>
            <param index="1">
              <value>
                <![CDATA[Selenium@123]]>
              </value>
            </param>
          </params>
          <reporter-output>
          </reporter-output>
        </test-method> <!-- verifyLoginWithValidCredentials -->
        <test-method is-config="true" signature="tearDown()[pri:0, instance:com.tutorialsninja_testcases.LoginTest@7b36aa0c]" started-at="2023-11-29T16:23:47 GMT-05:00" name="tearDown" finished-at="2023-11-29T16:23:47 GMT-05:00" duration-ms="120" status="PASS">
          <reporter-output>
          </reporter-output>
        </test-method> <!-- tearDown -->
        <test-method is-config="true" signature="loginSetup()[pri:0, instance:com.tutorialsninja_testcases.LoginTest@7b36aa0c]" started-at="2023-11-29T16:23:47 GMT-05:00" name="loginSetup" finished-at="2023-11-29T16:23:52 GMT-05:00" duration-ms="4950" status="PASS">
          <reporter-output>
          </reporter-output>
        </test-method> <!-- loginSetup -->
        <test-method signature="verifyLoginWithValidCredentials(java.lang.String,java.lang.String)[pri:1, instance:com.tutorialsninja_testcases.LoginTest@7b36aa0c]" started-at="2023-11-29T16:23:52 GMT-05:00" name="verifyLoginWithValidCredentials" data-provider="TNDATA" finished-at="2023-11-29T16:23:53 GMT-05:00" duration-ms="972" status="PASS">
          <params>
            <param index="0">
              <value>
                <![CDATA[seleniumpanda3@gmail.com]]>
              </value>
            </param>
            <param index="1">
              <value>
                <![CDATA[Selenium@123]]>
              </value>
            </param>
          </params>
          <reporter-output>
          </reporter-output>
        </test-method> <!-- verifyLoginWithValidCredentials -->
        <test-method is-config="true" signature="tearDown()[pri:0, instance:com.tutorialsninja_testcases.LoginTest@7b36aa0c]" started-at="2023-11-29T16:23:53 GMT-05:00" name="tearDown" finished-at="2023-11-29T16:23:53 GMT-05:00" duration-ms="145" status="PASS">
          <reporter-output>
          </reporter-output>
        </test-method> <!-- tearDown -->
        <test-method is-config="true" signature="loginSetup()[pri:0, instance:com.tutorialsninja_testcases.LoginTest@7b36aa0c]" started-at="2023-11-29T16:23:53 GMT-05:00" name="loginSetup" finished-at="2023-11-29T16:23:58 GMT-05:00" duration-ms="5378" status="PASS">
          <reporter-output>
          </reporter-output>
        </test-method> <!-- loginSetup -->
        <test-method signature="verifyLoginWithValidCredentials(java.lang.String,java.lang.String)[pri:1, instance:com.tutorialsninja_testcases.LoginTest@7b36aa0c]" started-at="2023-11-29T16:23:58 GMT-05:00" name="verifyLoginWithValidCredentials" data-provider="TNDATA" finished-at="2023-11-29T16:23:59 GMT-05:00" duration-ms="1064" status="PASS">
          <params>
            <param index="0">
              <value>
                <![CDATA[seleniumpanda4@gmail.com]]>
              </value>
            </param>
            <param index="1">
              <value>
                <![CDATA[Selenium@123]]>
              </value>
            </param>
          </params>
          <reporter-output>
          </reporter-output>
        </test-method> <!-- verifyLoginWithValidCredentials -->
        <test-method is-config="true" signature="tearDown()[pri:0, instance:com.tutorialsninja_testcases.LoginTest@7b36aa0c]" started-at="2023-11-29T16:23:59 GMT-05:00" name="tearDown" finished-at="2023-11-29T16:23:59 GMT-05:00" duration-ms="120" status="PASS">
          <reporter-output>
          </reporter-output>
        </test-method> <!-- tearDown -->
        <test-method is-config="true" signature="loginSetup()[pri:0, instance:com.tutorialsninja_testcases.LoginTest@7b36aa0c]" started-at="2023-11-29T16:23:59 GMT-05:00" name="loginSetup" finished-at="2023-11-29T16:24:05 GMT-05:00" duration-ms="5069" status="PASS">
          <reporter-output>
          </reporter-output>
        </test-method> <!-- loginSetup -->
        <test-method signature="verifyLoginWithValidCredentials(java.lang.String,java.lang.String)[pri:1, instance:com.tutorialsninja_testcases.LoginTest@7b36aa0c]" started-at="2023-11-29T16:24:05 GMT-05:00" name="verifyLoginWithValidCredentials" data-provider="TNDATA" finished-at="2023-11-29T16:24:05 GMT-05:00" duration-ms="915" status="PASS">
          <params>
            <param index="0">
              <value>
                <![CDATA[seleniumpanda5@gmail.com]]>
              </value>
            </param>
            <param index="1">
              <value>
                <![CDATA[Selenium@123]]>
              </value>
            </param>
          </params>
          <reporter-output>
          </reporter-output>
        </test-method> <!-- verifyLoginWithValidCredentials -->
        <test-method is-config="true" signature="tearDown()[pri:0, instance:com.tutorialsninja_testcases.LoginTest@7b36aa0c]" started-at="2023-11-29T16:24:05 GMT-05:00" name="tearDown" finished-at="2023-11-29T16:24:06 GMT-05:00" duration-ms="133" status="PASS">
          <reporter-output>
          </reporter-output>
        </test-method> <!-- tearDown -->
        <test-method is-config="true" signature="loginSetup()[pri:0, instance:com.tutorialsninja_testcases.LoginTest@7b36aa0c]" started-at="2023-11-29T16:24:06 GMT-05:00" name="loginSetup" finished-at="2023-11-29T16:24:10 GMT-05:00" duration-ms="4799" status="PASS">
          <reporter-output>
          </reporter-output>
        </test-method> <!-- loginSetup -->
        <test-method signature="verifyLoginWithValidCredentials(java.lang.String,java.lang.String)[pri:1, instance:com.tutorialsninja_testcases.LoginTest@7b36aa0c]" started-at="2023-11-29T16:24:10 GMT-05:00" name="verifyLoginWithValidCredentials" data-provider="TNDATA" finished-at="2023-11-29T16:24:11 GMT-05:00" duration-ms="968" status="PASS">
          <params>
            <param index="0">
              <value>
                <![CDATA[seleniumpanda6@gmail.com]]>
              </value>
            </param>
            <param index="1">
              <value>
                <![CDATA[Selenium@123]]>
              </value>
            </param>
          </params>
          <reporter-output>
          </reporter-output>
        </test-method> <!-- verifyLoginWithValidCredentials -->
        <test-method is-config="true" signature="tearDown()[pri:0, instance:com.tutorialsninja_testcases.LoginTest@7b36aa0c]" started-at="2023-11-29T16:24:11 GMT-05:00" name="tearDown" finished-at="2023-11-29T16:24:11 GMT-05:00" duration-ms="131" status="PASS">
          <reporter-output>
          </reporter-output>
        </test-method> <!-- tearDown -->
        <test-method is-config="true" signature="loginSetup()[pri:0, instance:com.tutorialsninja_testcases.LoginTest@7b36aa0c]" started-at="2023-11-29T16:24:11 GMT-05:00" name="loginSetup" finished-at="2023-11-29T16:24:16 GMT-05:00" duration-ms="4954" status="PASS">
          <reporter-output>
          </reporter-output>
        </test-method> <!-- loginSetup -->
        <test-method signature="verifyLoginWithValidEmailAndInvalidPassword()[pri:2, instance:com.tutorialsninja_testcases.LoginTest@7b36aa0c]" started-at="2023-11-29T16:24:16 GMT-05:00" name="verifyLoginWithValidEmailAndInvalidPassword" finished-at="2023-11-29T16:24:17 GMT-05:00" duration-ms="753" status="PASS">
          <reporter-output>
          </reporter-output>
        </test-method> <!-- verifyLoginWithValidEmailAndInvalidPassword -->
        <test-method is-config="true" signature="tearDown()[pri:0, instance:com.tutorialsninja_testcases.LoginTest@7b36aa0c]" started-at="2023-11-29T16:24:17 GMT-05:00" name="tearDown" finished-at="2023-11-29T16:24:17 GMT-05:00" duration-ms="125" status="PASS">
          <reporter-output>
          </reporter-output>
        </test-method> <!-- tearDown -->
        <test-method is-config="true" signature="loginSetup()[pri:0, instance:com.tutorialsninja_testcases.LoginTest@7b36aa0c]" started-at="2023-11-29T16:24:17 GMT-05:00" name="loginSetup" finished-at="2023-11-29T16:24:22 GMT-05:00" duration-ms="4990" status="PASS">
          <reporter-output>
          </reporter-output>
        </test-method> <!-- loginSetup -->
        <test-method signature="verifyLoginWithInvalidEmailAndvalidPassword()[pri:3, instance:com.tutorialsninja_testcases.LoginTest@7b36aa0c]" started-at="2023-11-29T16:24:22 GMT-05:00" name="verifyLoginWithInvalidEmailAndvalidPassword" finished-at="2023-11-29T16:24:23 GMT-05:00" duration-ms="617" status="PASS">
          <reporter-output>
          </reporter-output>
        </test-method> <!-- verifyLoginWithInvalidEmailAndvalidPassword -->
        <test-method is-config="true" signature="tearDown()[pri:0, instance:com.tutorialsninja_testcases.LoginTest@7b36aa0c]" started-at="2023-11-29T16:24:23 GMT-05:00" name="tearDown" finished-at="2023-11-29T16:24:23 GMT-05:00" duration-ms="130" status="PASS">
          <reporter-output>
          </reporter-output>
        </test-method> <!-- tearDown -->
        <test-method is-config="true" signature="loginSetup()[pri:0, instance:com.tutorialsninja_testcases.LoginTest@7b36aa0c]" started-at="2023-11-29T16:24:23 GMT-05:00" name="loginSetup" finished-at="2023-11-29T16:24:28 GMT-05:00" duration-ms="4890" status="PASS">
          <reporter-output>
          </reporter-output>
        </test-method> <!-- loginSetup -->
        <test-method signature="verifyLoginWithInvalidCredentials()[pri:4, instance:com.tutorialsninja_testcases.LoginTest@7b36aa0c]" started-at="2023-11-29T16:24:28 GMT-05:00" name="verifyLoginWithInvalidCredentials" finished-at="2023-11-29T16:24:29 GMT-05:00" duration-ms="609" status="PASS">
          <reporter-output>
          </reporter-output>
        </test-method> <!-- verifyLoginWithInvalidCredentials -->
        <test-method is-config="true" signature="tearDown()[pri:0, instance:com.tutorialsninja_testcases.LoginTest@7b36aa0c]" started-at="2023-11-29T16:24:29 GMT-05:00" name="tearDown" finished-at="2023-11-29T16:24:29 GMT-05:00" duration-ms="140" status="PASS">
          <reporter-output>
          </reporter-output>
        </test-method> <!-- tearDown -->
        <test-method is-config="true" signature="loginSetup()[pri:0, instance:com.tutorialsninja_testcases.LoginTest@7b36aa0c]" started-at="2023-11-29T16:24:29 GMT-05:00" name="loginSetup" finished-at="2023-11-29T16:24:33 GMT-05:00" duration-ms="4777" status="PASS">
          <reporter-output>
          </reporter-output>
        </test-method> <!-- loginSetup -->
        <test-method signature="verifyLoginWithNoCredentials()[pri:5, instance:com.tutorialsninja_testcases.LoginTest@7b36aa0c]" started-at="2023-11-29T16:24:33 GMT-05:00" name="verifyLoginWithNoCredentials" finished-at="2023-11-29T16:24:34 GMT-05:00" duration-ms="540" status="PASS">
          <reporter-output>
          </reporter-output>
        </test-method> <!-- verifyLoginWithNoCredentials -->
        <test-method is-config="true" signature="tearDown()[pri:0, instance:com.tutorialsninja_testcases.LoginTest@7b36aa0c]" started-at="2023-11-29T16:24:34 GMT-05:00" name="tearDown" finished-at="2023-11-29T16:24:34 GMT-05:00" duration-ms="140" status="PASS">
          <reporter-output>
          </reporter-output>
        </test-method> <!-- tearDown -->
      </class> <!-- com.tutorialsninja_testcases.LoginTest -->
      <class name="com.tutorialsninja_testcases.SearchProductTest">
        <test-method is-config="true" signature="searchProductsSetup()[pri:0, instance:com.tutorialsninja_testcases.SearchProductTest@15bb5034]" started-at="2023-11-29T16:24:59 GMT-05:00" name="searchProductsSetup" finished-at="2023-11-29T16:25:03 GMT-05:00" duration-ms="4262" status="PASS">
          <reporter-output>
          </reporter-output>
        </test-method> <!-- searchProductsSetup -->
        <test-method signature="verifySearchWithValidProduct()[pri:1, instance:com.tutorialsninja_testcases.SearchProductTest@15bb5034]" started-at="2023-11-29T16:25:03 GMT-05:00" name="verifySearchWithValidProduct" finished-at="2023-11-29T16:25:04 GMT-05:00" duration-ms="510" status="PASS">
          <reporter-output>
          </reporter-output>
        </test-method> <!-- verifySearchWithValidProduct -->
        <test-method is-config="true" signature="tearDown()[pri:0, instance:com.tutorialsninja_testcases.SearchProductTest@15bb5034]" started-at="2023-11-29T16:25:04 GMT-05:00" name="tearDown" finished-at="2023-11-29T16:25:04 GMT-05:00" duration-ms="150" status="PASS">
          <reporter-output>
          </reporter-output>
        </test-method> <!-- tearDown -->
        <test-method is-config="true" signature="searchProductsSetup()[pri:0, instance:com.tutorialsninja_testcases.SearchProductTest@15bb5034]" started-at="2023-11-29T16:25:04 GMT-05:00" name="searchProductsSetup" finished-at="2023-11-29T16:25:08 GMT-05:00" duration-ms="4253" status="PASS">
          <reporter-output>
          </reporter-output>
        </test-method> <!-- searchProductsSetup -->
        <test-method signature="verifySearchNoProduct()[pri:2, instance:com.tutorialsninja_testcases.SearchProductTest@15bb5034]" started-at="2023-11-29T16:25:08 GMT-05:00" name="verifySearchNoProduct" finished-at="2023-11-29T16:25:09 GMT-05:00" duration-ms="521" status="PASS">
          <reporter-output>
          </reporter-output>
        </test-method> <!-- verifySearchNoProduct -->
        <test-method is-config="true" signature="tearDown()[pri:0, instance:com.tutorialsninja_testcases.SearchProductTest@15bb5034]" started-at="2023-11-29T16:25:09 GMT-05:00" name="tearDown" finished-at="2023-11-29T16:25:09 GMT-05:00" duration-ms="125" status="PASS">
          <reporter-output>
          </reporter-output>
        </test-method> <!-- tearDown -->
        <test-method is-config="true" signature="searchProductsSetup()[pri:0, instance:com.tutorialsninja_testcases.SearchProductTest@15bb5034]" started-at="2023-11-29T16:25:09 GMT-05:00" name="searchProductsSetup" finished-at="2023-11-29T16:25:13 GMT-05:00" duration-ms="4158" status="PASS">
          <reporter-output>
          </reporter-output>
        </test-method> <!-- searchProductsSetup -->
        <test-method signature="verifySearchWithInvalidProduct()[pri:2, instance:com.tutorialsninja_testcases.SearchProductTest@15bb5034]" started-at="2023-11-29T16:25:13 GMT-05:00" name="verifySearchWithInvalidProduct" finished-at="2023-11-29T16:25:14 GMT-05:00" duration-ms="527" status="PASS">
          <reporter-output>
          </reporter-output>
        </test-method> <!-- verifySearchWithInvalidProduct -->
        <test-method is-config="true" signature="tearDown()[pri:0, instance:com.tutorialsninja_testcases.SearchProductTest@15bb5034]" started-at="2023-11-29T16:25:14 GMT-05:00" name="tearDown" finished-at="2023-11-29T16:25:14 GMT-05:00" duration-ms="147" status="PASS">
          <reporter-output>
          </reporter-output>
        </test-method> <!-- tearDown -->
      </class> <!-- com.tutorialsninja_testcases.SearchProductTest -->
    </test> <!-- Test -->
  </suite> <!-- Suite -->
</testng-results>
