<?xml version="1.0" encoding="UTF-8"?>
<testsuite xmlns:xsi="http://www.w3.org/2001/XMLSchema-instance" xsi:noNamespaceSchemaLocation="https://maven.apache.org/surefire/maven-surefire-plugin/xsd/surefire-test-report-3.0.xsd" version="3.0" name="TestSuite" time="106.606" tests="18" errors="0" skipped="0" failures="0">
  <properties>
[...]
</properties>
  <testcase name="verifyLoginWithValidCredentials[seleniumpanda@gmail.com, Selenium@123](1)" classname="com.tutorialsninja_testcases.LoginTest" time="0.959">
    <system-out><![CDATA[Project execution started
verifyLoginWithValidCredentials----->Test Execution Started
verifyLoginWithValidCredentials---> Executed successfully
]]></system-out>
    <system-err><![CDATA[SLF4J: Failed to load class "org.slf4j.impl.StaticLoggerBinder".
SLF4J: Defaulting to no-operation (NOP) logger implementation
SLF4J: See http://www.slf4j.org/codes.html#StaticLoggerBinder for further details.
Nov 29, 2023 4:23:30 PM org.openqa.selenium.devtools.CdpVersionFinder findNearestMatch
WARNING: Unable to find an exact match for CDP version 119, so returning the closest version found: 115
]]></system-err>
  </testcase>
  <testcase name="verifyLoginWithValidCredentials[seleniumpanda1@gmail.com, Selenium@123](2)" classname="com.tutorialsninja_testcases.LoginTest" time="0.87">
    <system-out><![CDATA[verifyLoginWithValidCredentials----->Test Execution Started
verifyLoginWithValidCredentials---> Executed successfully
]]></system-out>
    <system-err><![CDATA[Nov 29, 2023 4:23:36 PM org.openqa.selenium.devtools.CdpVersionFinder findNearestMatch
WARNING: Unable to find an exact match for CDP version 119, so returning the closest version found: 115
]]></system-err>
  </testcase>
  <testcase name="verifyLoginWithValidCredentials[seleniumpanda2@gmail.com, Selenium@123](3)" classname="com.tutorialsninja_testcases.LoginTest" time="0.962">
    <system-out><![CDATA[verifyLoginWithValidCredentials----->Test Execution Started
verifyLoginWithValidCredentials---> Executed successfully
]]></system-out>
    <system-err><![CDATA[Nov 29, 2023 4:23:42 PM org.openqa.selenium.devtools.CdpVersionFinder findNearestMatch
WARNING: Unable to find an exact match for CDP version 119, so returning the closest version found: 115
]]></system-err>
  </testcase>
  <testcase name="verifyLoginWithValidCredentials[seleniumpanda3@gmail.com, Selenium@123](4)" classname="com.tutorialsninja_testcases.LoginTest" time="0.972">
    <system-out><![CDATA[verifyLoginWithValidCredentials----->Test Execution Started
verifyLoginWithValidCredentials---> Executed successfully
]]></system-out>
    <system-err><![CDATA[Nov 29, 2023 4:23:48 PM org.openqa.selenium.devtools.CdpVersionFinder findNearestMatch
WARNING: Unable to find an exact match for CDP version 119, so returning the closest version found: 115
]]></system-err>
  </testcase>
  <testcase name="verifyLoginWithValidCredentials[seleniumpanda4@gmail.com, Selenium@123](5)" classname="com.tutorialsninja_testcases.LoginTest" time="1.065">
    <system-out><![CDATA[verifyLoginWithValidCredentials----->Test Execution Started
verifyLoginWithValidCredentials---> Executed successfully
]]></system-out>
    <system-err><![CDATA[Nov 29, 2023 4:23:54 PM org.openqa.selenium.devtools.CdpVersionFinder findNearestMatch
WARNING: Unable to find an exact match for CDP version 119, so returning the closest version found: 115
]]></system-err>
  </testcase>
  <testcase name="verifyLoginWithValidCredentials[seleniumpanda5@gmail.com, Selenium@123](6)" classname="com.tutorialsninja_testcases.LoginTest" time="0.915">
    <system-out><![CDATA[verifyLoginWithValidCredentials----->Test Execution Started
verifyLoginWithValidCredentials---> Executed successfully
]]></system-out>
    <system-err><![CDATA[Nov 29, 2023 4:24:00 PM org.openqa.selenium.devtools.CdpVersionFinder findNearestMatch
WARNING: Unable to find an exact match for CDP version 119, so returning the closest version found: 115
]]></system-err>
  </testcase>
  <testcase name="verifyLoginWithValidCredentials[seleniumpanda6@gmail.com, Selenium@123](7)" classname="com.tutorialsninja_testcases.LoginTest" time="0.968">
    <system-out><![CDATA[verifyLoginWithValidCredentials----->Test Execution Started
verifyLoginWithValidCredentials---> Executed successfully
]]></system-out>
    <system-err><![CDATA[Nov 29, 2023 4:24:06 PM org.openqa.selenium.devtools.CdpVersionFinder findNearestMatch
WARNING: Unable to find an exact match for CDP version 119, so returning the closest version found: 115
]]></system-err>
  </testcase>
  <testcase name="verifyLoginWithValidEmailAndInvalidPassword" classname="com.tutorialsninja_testcases.LoginTest" time="0.753">
    <system-out><![CDATA[verifyLoginWithValidEmailAndInvalidPassword----->Test Execution Started
verifyLoginWithValidEmailAndInvalidPassword---> Executed successfully
]]></system-out>
    <system-err><![CDATA[Nov 29, 2023 4:24:12 PM org.openqa.selenium.devtools.CdpVersionFinder findNearestMatch
WARNING: Unable to find an exact match for CDP version 119, so returning the closest version found: 115
]]></system-err>
  </testcase>
  <testcase name="verifyLoginWithInvalidEmailAndvalidPassword" classname="com.tutorialsninja_testcases.LoginTest" time="0.618">
    <system-out><![CDATA[verifyLoginWithInvalidEmailAndvalidPassword----->Test Execution Started
verifyLoginWithInvalidEmailAndvalidPassword---> Executed successfully
]]></system-out>
    <system-err><![CDATA[Nov 29, 2023 4:24:18 PM org.openqa.selenium.devtools.CdpVersionFinder findNearestMatch
WARNING: Unable to find an exact match for CDP version 119, so returning the closest version found: 115
]]></system-err>
  </testcase>
  <testcase name="verifyLoginWithInvalidCredentials" classname="com.tutorialsninja_testcases.LoginTest" time="0.61">
    <system-out><![CDATA[verifyLoginWithInvalidCredentials----->Test Execution Started
verifyLoginWithInvalidCredentials---> Executed successfully
]]></system-out>
    <system-err><![CDATA[Nov 29, 2023 4:24:24 PM org.openqa.selenium.devtools.CdpVersionFinder findNearestMatch
WARNING: Unable to find an exact match for CDP version 119, so returning the closest version found: 115
]]></system-err>
  </testcase>
  <testcase name="verifyLoginWithNoCredentials" classname="com.tutorialsninja_testcases.LoginTest" time="0.541">
    <system-out><![CDATA[verifyLoginWithNoCredentials----->Test Execution Started
verifyLoginWithNoCredentials---> Executed successfully
]]></system-out>
    <system-err><![CDATA[Nov 29, 2023 4:24:30 PM org.openqa.selenium.devtools.CdpVersionFinder findNearestMatch
WARNING: Unable to find an exact match for CDP version 119, so returning the closest version found: 115
]]></system-err>
  </testcase>
  <testcase name="registerAccountWithMandatoryDetails" classname="com.tutorialsninja_testcases.RegisterTest" time="1.063">
    <system-out><![CDATA[registerAccountWithMandatoryDetails----->Test Execution Started
registerAccountWithMandatoryDetails---> Executed successfully
]]></system-out>
    <system-err><![CDATA[Nov 29, 2023 4:24:35 PM org.openqa.selenium.devtools.CdpVersionFinder findNearestMatch
WARNING: Unable to find an exact match for CDP version 119, so returning the closest version found: 115
]]></system-err>
  </testcase>
  <testcase name="registerAccountWithAllDetails" classname="com.tutorialsninja_testcases.RegisterTest" time="1.167">
    <system-out><![CDATA[registerAccountWithAllDetails----->Test Execution Started
registerAccountWithAllDetails---> Executed successfully
]]></system-out>
    <system-err><![CDATA[Nov 29, 2023 4:24:41 PM org.openqa.selenium.devtools.CdpVersionFinder findNearestMatch
WARNING: Unable to find an exact match for CDP version 119, so returning the closest version found: 115
]]></system-err>
  </testcase>
  <testcase name="registerAccountWithNoDetails" classname="com.tutorialsninja_testcases.RegisterTest" time="0.54">
    <system-out><![CDATA[registerAccountWithNoDetails----->Test Execution Started
registerAccountWithNoDetails---> Executed successfully
]]></system-out>
    <system-err><![CDATA[Nov 29, 2023 4:24:48 PM org.openqa.selenium.devtools.CdpVersionFinder findNearestMatch
WARNING: Unable to find an exact match for CDP version 119, so returning the closest version found: 115
]]></system-err>
  </testcase>
  <testcase name="registerAccountExistingEmail" classname="com.tutorialsninja_testcases.RegisterTest" time="0.752">
    <system-out><![CDATA[registerAccountExistingEmail----->Test Execution Started
registerAccountExistingEmail---> Executed successfully
]]></system-out>
    <system-err><![CDATA[Nov 29, 2023 4:24:54 PM org.openqa.selenium.devtools.CdpVersionFinder findNearestMatch
WARNING: Unable to find an exact match for CDP version 119, so returning the closest version found: 115
]]></system-err>
  </testcase>
  <testcase name="verifySearchWithValidProduct" classname="com.tutorialsninja_testcases.SearchProductTest" time="0.51">
    <system-out><![CDATA[verifySearchWithValidProduct----->Test Execution Started
verifySearchWithValidProduct---> Executed successfully
]]></system-out>
    <system-err><![CDATA[Nov 29, 2023 4:25:00 PM org.openqa.selenium.devtools.CdpVersionFinder findNearestMatch
WARNING: Unable to find an exact match for CDP version 119, so returning the closest version found: 115
]]></system-err>
  </testcase>
  <testcase name="verifySearchNoProduct" classname="com.tutorialsninja_testcases.SearchProductTest" time="0.52">
    <system-out><![CDATA[verifySearchNoProduct----->Test Execution Started
verifySearchNoProduct---> Executed successfully
]]></system-out>
    <system-err><![CDATA[Nov 29, 2023 4:25:05 PM org.openqa.selenium.devtools.CdpVersionFinder findNearestMatch
WARNING: Unable to find an exact match for CDP version 119, so returning the closest version found: 115
]]></system-err>
  </testcase>
  <testcase name="verifySearchWithInvalidProduct" classname="com.tutorialsninja_testcases.SearchProductTest" time="0.528">
    <system-out><![CDATA[verifySearchWithInvalidProduct----->Test Execution Started
verifySearchWithInvalidProduct---> Executed successfully
]]></system-out>
    <system-err><![CDATA[Nov 29, 2023 4:25:10 PM org.openqa.selenium.devtools.CdpVersionFinder findNearestMatch
WARNING: Unable to find an exact match for CDP version 119, so returning the closest version found: 115
]]></system-err>
  </testcase>
</testsuite>